[debug] [2018-05-30T15:00:41.834Z] ----------------------------------------------------------------------
[debug] [2018-05-30T15:00:41.839Z] Command:       /usr/local/bin/node /usr/local/bin/firebase deploy
[debug] [2018-05-30T15:00:41.840Z] CLI Version:   3.18.5
[debug] [2018-05-30T15:00:41.840Z] Platform:      darwin
[debug] [2018-05-30T15:00:41.840Z] Node Version:  v9.10.1
[debug] [2018-05-30T15:00:41.841Z] Time:          Wed May 30 2018 22:00:41 GMT+0700 (+07)
[debug] [2018-05-30T15:00:41.841Z] ----------------------------------------------------------------------
[debug] 
[debug] [2018-05-30T15:00:41.887Z] > command requires scopes: ["email","openid","https://www.googleapis.com/auth/cloudplatformprojects.readonly","https://www.googleapis.com/auth/firebase","https://www.googleapis.com/auth/cloud-platform"]
[debug] [2018-05-30T15:00:41.887Z] > authorizing via signed-in user
[debug] [2018-05-30T15:00:41.891Z] > refreshing access token with scopes: ["email","https://www.googleapis.com/auth/cloud-platform","https://www.googleapis.com/auth/cloudplatformprojects.readonly","https://www.googleapis.com/auth/firebase","openid"]
[debug] [2018-05-30T15:00:41.891Z] >>> HTTP REQUEST POST https://www.googleapis.com/oauth2/v3/token  
 { refresh_token: '1/5BhO02-OCBDZBTmVYB89i__LM1ko6z6W1ftlQyRSDjU',
  client_id: '563584335869-fgrhgmd47bqnekij5i8b5pr03ho849e6.apps.googleusercontent.com',
  client_secret: 'j9iVZfS8kkCEFUPaAeJV0sAi',
  grant_type: 'refresh_token',
  scope: 'email https://www.googleapis.com/auth/cloud-platform https://www.googleapis.com/auth/cloudplatformprojects.readonly https://www.googleapis.com/auth/firebase openid' } 
 Wed May 30 2018 22:00:41 GMT+0700 (+07)
[debug] [2018-05-30T15:00:42.492Z] <<< HTTP RESPONSE 200
[debug] [2018-05-30T15:00:42.513Z] >>> HTTP REQUEST GET https://admin.firebase.com/v1/projects/my-oncall-69  
  
 Wed May 30 2018 22:00:42 GMT+0700 (+07)
[debug] [2018-05-30T15:00:43.802Z] <<< HTTP RESPONSE 200
[debug] [2018-05-30T15:00:43.803Z] >>> HTTP REQUEST GET https://admin.firebase.com/v1/database/my-oncall-69/tokens  
  
 Wed May 30 2018 22:00:43 GMT+0700 (+07)
[debug] [2018-05-30T15:00:45.881Z] <<< HTTP RESPONSE 200
[info] 
[info] === Deploying to 'my-oncall-69'...
[info] 
[info] i  deploying database, hosting
[info] i  database: checking rules syntax...
[debug] [2018-05-30T15:00:47.198Z] >>> HTTP REQUEST PUT https://my-oncall-69.firebaseio.com/.settings/rules.json?dryRun=true  
 {
  "rules": {
    ".read": "auth != null",
    ".write": "auth != null"
  }
}
 
 Wed May 30 2018 22:00:47 GMT+0700 (+07)
[debug] [2018-05-30T15:00:48.548Z] <<< HTTP RESPONSE 200
[info] ✔  database: rules syntax for database my-oncall-69 is valid
[info] i  hosting: preparing build directory for upload...
[debug] [2018-05-30T15:00:49.123Z] >>> HTTP REQUEST PUT https://deploy.firebase.com/v1/hosting/my-oncall-69/uploads/-LDlZC9j4-4AuHQY82eB?fileCount=12&message=  
  
 Wed May 30 2018 22:00:49 GMT+0700 (+07)
[debug] [2018-05-30T15:00:55.169Z] <<< HTTP RESPONSE 200
[debug] [2018-05-30T15:00:55.170Z] [hosting] .tgz uploaded successfully, waiting for extraction
[info] ✔  hosting: 12 files uploaded successfully
[debug] [2018-05-30T15:00:56.010Z] [hosting] deploy completed after 7457ms
[info] i  database: releasing rules...
[debug] [2018-05-30T15:00:56.166Z] >>> HTTP REQUEST PUT https://my-oncall-69.firebaseio.com/.settings/rules.json  
 {
  "rules": {
    ".read": "auth != null",
    ".write": "auth != null"
  }
}
 
 Wed May 30 2018 22:00:56 GMT+0700 (+07)
[debug] [2018-05-30T15:00:57.114Z] <<< HTTP RESPONSE 200
[info] ✔  database: rules for database my-oncall-69 released successfully
[debug] [2018-05-30T15:00:57.116Z] >>> HTTP REQUEST POST https://deploy.firebase.com/v1/projects/my-oncall-69/releases  
 { hosting: 
   { public: 'build',
     ignore: [ 'firebase.json', '**/.*', '**/node_modules/**' ],
     version: '-LDlZC9j4-4AuHQY82eB',
     prefix: '-LDlZC9j4-4AuHQY82eB/',
     manifest: [] } } 
 Wed May 30 2018 22:00:57 GMT+0700 (+07)
